<?xml version="1.0" encoding="utf-8"?><testsuites name="pytest tests"><testsuite name="pytest" errors="0" failures="0" skipped="0" tests="9" time="1.686" timestamp="2026-05-16T18:51:47.588799+00:00" hostname="agent-env-19d397d8-e444-4aeb-9443-5ce35027c7b3"><testcase classname="backend.tests.test_coincarriere_api.TestRoot" name="test_root_welcome" time="0.235" /><testcase classname="backend.tests.test_coincarriere_api.TestStatus" name="test_create_and_list_status" time="0.197" /><testcase classname="backend.tests.test_coincarriere_api.TestLeads" name="test_create_lead_full" time="0.156" /><testcase classname="backend.tests.test_coincarriere_api.TestLeads" name="test_create_lead_minimal" time="0.105" /><testcase classname="backend.tests.test_coincarriere_api.TestLeads" name="test_missing_email_returns_422" time="0.144" /><testcase classname="backend.tests.test_coincarriere_api.TestLeads" name="test_invalid_email_returns_422" time="0.148" /><testcase classname="backend.tests.test_coincarriere_api.TestLeads" name="test_missing_full_name_returns_422" time="0.104" /><testcase classname="backend.tests.test_coincarriere_api.TestLeads" name="test_list_leads_sorted_desc" time="0.204" /><testcase classname="backend.tests.test_coincarriere_api.TestSectors" name="test_sectors_payload" time="0.170" /></testsuite></testsuites>